
Showing logs for build [32mcb-kubecd-environment-bootv3-ch-pgj2z-1[0m stage [32mpr-checks[0m and container [32mstep-credential-initializer-nw2h4[0m
{"level":"warn","ts":1586939346.1152792,"logger":"fallback-logger","caller":"logging/config.go:69","msg":"Fetch GitHub commit ID from kodata failed: \"ref: refs/heads/0.8.0-**-support-backwards-incompats\" is not a valid GitHub commit ID"}
{"level":"info","ts":1586939346.115703,"logger":"fallback-logger","caller":"creds-init/main.go:40","msg":"Credentials initialized."}

Showing logs for build [32mcb-kubecd-environment-bootv3-ch-pgj2z-1[0m stage [32mpr-checks[0m and container [32mstep-working-dir-initializer-7b6jt[0m
{"level":"warn","ts":1586939346.5595028,"logger":"fallback-logger","caller":"logging/config.go:69","msg":"Fetch GitHub commit ID from kodata failed: open /var/run/ko/HEAD: no such file or directory"}
{"level":"info","ts":1586939346.5647295,"logger":"fallback-logger","caller":"bash/main.go:64","msg":"Successfully executed command \"sh -c mkdir -p /workspace/source\"; output "}

Showing logs for build [32mcb-kubecd-environment-bootv3-ch-pgj2z-1[0m stage [32mpr-checks[0m and container [32mstep-place-tools[0m

Showing logs for build [32mcb-kubecd-environment-bootv3-ch-pgj2z-1[0m stage [32mpr-checks[0m and container [32mstep-git-source-cb-kubecd-environment-bootv3-ch-pgj2z-l7mzg[0m
{"level":"warn","ts":1586939352.6217194,"logger":"fallback-logger","caller":"logging/config.go:69","msg":"Fetch GitHub commit ID from kodata failed: \"ref: refs/heads/0.8.0-**-support-backwards-incompats\" is not a valid GitHub commit ID"}
{"level":"info","ts":1586939353.6566353,"logger":"fallback-logger","caller":"git/git.go:103","msg":"Successfully cloned https://github.com/cb-kubecd/environment-bootv3-cheese2.git @ master in path /workspace/source"}

Showing logs for build [32mcb-kubecd-environment-bootv3-ch-pgj2z-1[0m stage [32mpr-checks[0m and container [32mstep-git-merge[0m
Using SHAs from PULL_REFS=master:19a965042a38f5b9ffc1df669cc1a003204ac054,5:1cb972df861da57eb03f9b12496695b6782e4768
DEBUG: LC_ALL=C JX_LOG_LEVEL=error git fetch origin --unshallow 1cb972df861da57eb03f9b12496695b6782e4768: 19a965042a38f5b9ffc1df669cc1a003204ac054:
DEBUG: ran git fetch --unshallow origin 1cb972df861da57eb03f9b12496695b6782e4768: 19a965042a38f5b9ffc1df669cc1a003204ac054: in 
DEBUG: LC_ALL=C JX_LOG_LEVEL=error git branch
DEBUG: LC_ALL=C JX_LOG_LEVEL=error git checkout master
DEBUG: ran git checkout master in 
DEBUG: LC_ALL=C JX_LOG_LEVEL=error git reset --hard 19a965042a38f5b9ffc1df669cc1a003204ac054
DEBUG: ran git reset --hard 19a965042a38f5b9ffc1df669cc1a003204ac054 in 
DEBUG: LC_ALL=C JX_LOG_LEVEL=error git clean -fd .
DEBUG: ran clean --force -d . in 
DEBUG: LC_ALL=C JX_LOG_LEVEL=error git merge 1cb972df861da57eb03f9b12496695b6782e4768
DEBUG: ran git merge 1cb972df861da57eb03f9b12496695b6782e4768 in 
DEBUG: LC_ALL=C JX_LOG_LEVEL=error git log --format=%H%x1f%an%x1f%ae%x1f%cn%x1f%ce%x1f%s%n%b%x1e 19a965042a38f5b9ffc1df669cc1a003204ac054..HEAD
Merged SHA 1cb972df861da57eb03f9b12496695b6782e4768 with commit message 'chore: Promote v2-nodey to version 0.0.10' into base branch master

Showing logs for build [32mcb-kubecd-environment-bootv3-ch-pgj2z-1[0m stage [32mpr-checks[0m and container [32mstep-verify-secrets[0m
created directory /secrets/**-boot
saved vault cert file to /tmp/753343144/vault-ca.crt
loaded Secrets from: Vault Secret Manager for vault vault at https://vault:8200
exported Secrets to file: /secrets/**-boot/secrets.yaml

Showing logs for build [32mcb-kubecd-environment-bootv3-ch-pgj2z-1[0m stage [32mpr-checks[0m and container [32mstep-create-helmfile[0m

Showing logs for build [32mcb-kubecd-environment-bootv3-ch-pgj2z-1[0m stage [32mpr-checks[0m and container [32mstep-lint-helmfile-system[0m
Adding repo dev http://chartmuseum-**.35.205.96.40.nip.io
"dev" has been added to your repositories

Adding repo stable https://kubernetes-charts.storage.googleapis.com
"stable" has been added to your repositories

Updating repo
Hang tight while we grab the latest from your chart repositories...
...Successfully got an update from the "dev" chart repository
...Successfully got an update from the "stable" chart repository
Update Complete. âˆ Happy Helming!âˆ 

Fetching stable/nginx-ingress
Linting release=nginx-ingress, chart=/tmp/513946897/nginx-ingress/1.34.2/stable/nginx-ingress/nginx-ingress
==> Linting /tmp/513946897/nginx-ingress/1.34.2/stable/nginx-ingress/nginx-ingress

1 chart(s) linted, 0 chart(s) failed


Showing logs for build [32mcb-kubecd-environment-bootv3-ch-pgj2z-1[0m stage [32mpr-checks[0m and container [32mstep-lint-helmfile-apps[0m
Adding repo dev http://chartmuseum-**.35.205.96.40.nip.io
"dev" has been added to your repositories

Adding repo jenkins-x https://storage.googleapis.com/chartmuseum.jenkins-x.io
"jenkins-x" has been added to your repositories

Adding repo jenkins-x http://chartmuseum.jenkins-x.io
"jenkins-x" has been added to your repositories

Updating repo
Hang tight while we grab the latest from your chart repositories...
...Successfully got an update from the "dev" chart repository
...Successfully got an update from the "jenkins-x" chart repository
...Successfully got an update from the "stable" chart repository
Update Complete. âˆ Happy Helming!âˆ 

Fetching jenkins-x/**boot-helmfile-resources
Fetching jenkins-x/lighthouse
Fetching jenkins-x/tekton
Fetching dev/v2-nodey3
Fetching dev/v2-nodey
Linting release=**boot-helmfile-resources, chart=/tmp/794221838/**boot-helmfile-resources/0.0.132/jenkins-x/**boot-helmfile-resources/**boot-helmfile-resources
==> Linting /tmp/794221838/**boot-helmfile-resources/0.0.132/jenkins-x/**boot-helmfile-resources/**boot-helmfile-resources

1 chart(s) linted, 0 chart(s) failed

Linting release=lighthouse, chart=/tmp/794221838/lighthouse/0.0.493/jenkins-x/lighthouse/lighthouse
==> Linting /tmp/794221838/lighthouse/0.0.493/jenkins-x/lighthouse/lighthouse

1 chart(s) linted, 0 chart(s) failed

Linting release=tekton, chart=/tmp/794221838/tekton/0.0.51/jenkins-x/tekton/tekton
==> Linting /tmp/794221838/tekton/0.0.51/jenkins-x/tekton/tekton

1 chart(s) linted, 0 chart(s) failed

Linting release=v2-nodey3, chart=/tmp/794221838/v2-nodey3/0.0.10/dev/v2-nodey3/v2-nodey3
==> Linting /tmp/794221838/v2-nodey3/0.0.10/dev/v2-nodey3/v2-nodey3

1 chart(s) linted, 0 chart(s) failed

Linting release=v2-nodey, chart=/tmp/794221838/v2-nodey/0.0.10/dev/v2-nodey/v2-nodey
==> Linting /tmp/794221838/v2-nodey/0.0.10/dev/v2-nodey/v2-nodey

1 chart(s) linted, 0 chart(s) failed

